<?xml version="1.0" encoding="utf-8"?><testsuites name="pytest tests"><testsuite name="pytest" errors="0" failures="0" skipped="0" tests="17" time="8.146" timestamp="2026-02-25T16:53:38.539260+00:00" hostname="agent-env-9750af0c-7d6a-4e8d-bcd5-e8391389a9da"><testcase classname="backend.tests.test_api.TestHealth" name="test_health_check_returns_healthy_status" time="3.126" /><testcase classname="backend.tests.test_api.TestFlows" name="test_list_flows_returns_available_templates" time="0.264" /><testcase classname="backend.tests.test_api.TestFlows" name="test_get_flow_detail_by_id" time="0.264" /><testcase classname="backend.tests.test_api.TestFlows" name="test_get_nonexistent_flow_returns_404" time="0.139" /><testcase classname="backend.tests.test_api.TestRuns" name="test_list_runs_returns_test_runs" time="0.157" /><testcase classname="backend.tests.test_api.TestRuns" name="test_start_test_run_with_flow_id" time="0.363" /><testcase classname="backend.tests.test_api.TestRuns" name="test_start_run_without_flow_id_returns_400" time="0.139" /><testcase classname="backend.tests.test_api.TestRuns" name="test_get_run_status" time="0.480" /><testcase classname="backend.tests.test_api.TestRuns" name="test_get_nonexistent_run_status_returns_404" time="0.183" /><testcase classname="backend.tests.test_api.TestRuns" name="test_cancel_run" time="1.067" /><testcase classname="backend.tests.test_api.TestRuns" name="test_cancel_nonexistent_run_returns_404" time="0.177" /><testcase classname="backend.tests.test_api.TestSecrets" name="test_create_and_list_secret" time="0.807" /><testcase classname="backend.tests.test_api.TestSecrets" name="test_get_nonexistent_secret_returns_404" time="0.141" /><testcase classname="backend.tests.test_api.TestSecrets" name="test_delete_nonexistent_secret_returns_404" time="0.193" /><testcase classname="backend.tests.test_api.TestReports" name="test_get_reports_summary" time="0.131" /><testcase classname="backend.tests.test_api.TestReports" name="test_get_run_history" time="0.182" /><testcase classname="backend.tests.test_api.TestNaturalLanguageRun" name="test_start_run_with_natural_language" time="0.128" /></testsuite></testsuites>